# IPython log file

import numpy as np
import matplotlib.pyplot as plt
from arpes.io import example_data
import arpes as arp

bi2se3_cut = example_data.cut # <- here, take `cut` above
                              # any of `map`, `photon_energy`,
                              # `nano_xps`, or
                              # `temperature_dependence` will work
bi2se3_cut
# just transpose to a more natural axis order with `.T` and plot
bi2se3_cut.spectrum.T.plot()
bi2se3_map = example_data.map # <- here, take `cut` above
bi2se3_map
# just transpose to a more natural axis order with `.T` and plot
bi2se3_map.spectrum.T.plot()
bi2se3_photon_energy= example_data.photon_energy
bi2se3_photon_energy
# just transpose to a more natural axis order with `.T` and plot
bi2se3_photon_energy.spectrum.T.plot()
bi2se3_xps= example_data.nano_xps
bi2se3_xps
# just transpose to a more natural axis order with `.T` and plot
bi2se3_xps.spectrum.T.plot()
bi2se3_temperature= example_data.temperature_dependence
bi2se3_temperature
# just transpose to a more natural axis order with `.T` and plot
bi2se3_temperature.spectrum.T.plot()
# just transpose to a more natural axis order with `.T` and plot
get_ipython().run_line_magic('matplotlib', 'inline')
bi2se3_cut.spectrum.T.plot()
plt.savefig('C:\Users\mdram\SolidStatePhysics\ARPES\plot', "1")
# just transpose to a more natural axis order with `.T` and plot
get_ipython().run_line_magic('matplotlib', 'inline')
bi2se3_cut.spectrum.T.plot()
fig.savefig('C:\Users\mdram\SolidStatePhysics\ARPES\plot', "1")
# just transpose to a more natural axis order with `.T` and plot
get_ipython().run_line_magic('matplotlib', 'inline')
bi2se3_cut.spectrum.T.plot()
fig.savefig('C:/Users/mdram/SolidStatePhysics/ARPES/plot', "1")
# just transpose to a more natural axis order with `.T` and plot
get_ipython().run_line_magic('matplotlib', 'inline')
bi2se3_cut.spectrum.T.plot()
fig.savefig('C:/Users/mdram/SolidStatePhysics/ARPES/plot', "a")
# just transpose to a more natural axis order with `.T` and plot
get_ipython().run_line_magic('matplotlib', 'inline')
bi2se3_cut.spectrum.T.plot()
plt.fig.savefig('C:/Users/mdram/SolidStatePhysics/ARPES/plot', "a")
# just transpose to a more natural axis order with `.T` and plot
get_ipython().run_line_magic('matplotlib', 'inline')
bi2se3_cut.spectrum.T.plot()
plt.fig.savefig("C:/Users/mdram/SolidStatePhysics/ARPES/plot", dpi=72)
# just transpose to a more natural axis order with `.T` and plot
get_ipython().run_line_magic('matplotlib', 'inline')
bi2se3_cut.spectrum.T.plot()
plt.savefig("C:/Users/mdram/SolidStatePhysics/ARPES/plot", dpi=72)
# just transpose to a more natural axis order with `.T` and plot
get_ipython().run_line_magic('matplotlib', 'inline')
bi2se3_cut.spectrum.T.plot()
plt.savefig("C:/Users/mdram/SolidStatePhysics/ARPES/plot", "11", dpi=72)
# just transpose to a more natural axis order with `.T` and plot
get_ipython().run_line_magic('matplotlib', 'inline')
bi2se3_cut.spectrum.T.plot()
plt.savefig("C:/Users/mdram/SolidStatePhysics/ARPES/plot", "11")
# just transpose to a more natural axis order with `.T` and plot
get_ipython().run_line_magic('matplotlib', 'inline')
bi2se3_cut.spectrum.T.plot()
plt.savefig("C:/Users/mdram/SolidStatePhysics/ARPES/plot", "11")
# just transpose to a more natural axis order with `.T` and plot
get_ipython().run_line_magic('matplotlib', 'inline')
bi2se3_cut.spectrum.T.plot()
plt.savefig("C:/Users/mdram/SolidStatePhysics/ARPES/plot", "11")
# just transpose to a more natural axis order with `.T` and plot
get_ipython().run_line_magic('matplotlib', 'inline')
bi2se3_cut.spectrum.T.plot()
plt.savefig("C:/Users/mdram/SolidStatePhysics/ARPES/plot")
# just transpose to a more natural axis order with `.T` and plot
get_ipython().run_line_magic('matplotlib', 'inline')
bi2se3_cut.spectrum.T.plot()
plt.savefig("C:/Users/mdram/SolidStatePhysics/ARPES/plot/")
# just transpose to a more natural axis order with `.T` and plot
get_ipython().run_line_magic('matplotlib', 'inline')
bi2se3_cut.spectrum.T.plot()
plt.savefig("C:/Users/mdram/SolidStatePhysics/ARPES/plot/arp1.png")
# just transpose to a more natural axis order with `.T` and plot
get_ipython().run_line_magic('matplotlib', 'inline')
bi2se3_cut.spectrum.T.plot()
plt.savefig("C:/Users/mdram/SolidStatePhysics/ARPES/plot/arp1.png",dp1=100)
# just transpose to a more natural axis order with `.T` and plot
get_ipython().run_line_magic('matplotlib', 'inline')
bi2se3_cut.spectrum.T.plot()
plt.savefig("C:/Users/mdram/SolidStatePhysics/ARPES/plot/arp1.png",dpi=100)
